<?xml version="1.0" encoding="UTF-8"?>
<testng-results skipped="0" failed="1" ignored="0" total="1" passed="0">
  <reporter-output>
    <line>
      <![CDATA[login button is enabled and displayed.]]>
    </line>
    <line>
      <![CDATA[clicked on Login button]]>
    </line>
    <line>
      <![CDATA[entered email is:- deepak.g@applify.co]]>
    </line>
    <line>
      <![CDATA[entered password is:- deepak123]]>
    </line>
    <line>
      <![CDATA[clicked on login button]]>
    </line>
    <line>
      <![CDATA[clicked on sellers tracker button.]]>
    </line>
    <line>
      <![CDATA[Header Name is : DASHBOARD]]>
    </line>
    <line>
      <![CDATA[<a href='C:\Deepak_Gupta\Workspace\Barrel13_Mobile\src\main\java\com\pom\screenshot\Issue_Screenshot_04-Sep-2018__05_43_28_PM.png'> <img src='C:\Deepak_Gupta\Workspace\Barrel13_Mobile\src\main\java\com\pom\screenshot\Issue_Screenshot_04-Sep-2018__05_43_28_PM.png' height='100' width='100'/> </a>]]>
    </line>
  </reporter-output>
  <suite name="Default suite" duration-ms="76338" started-at="2018-09-04T12:12:20Z" finished-at="2018-09-04T12:13:36Z">
    <groups>
    </groups>
    <test name="Default test" duration-ms="76338" started-at="2018-09-04T12:12:20Z" finished-at="2018-09-04T12:13:36Z">
      <class name="com.test.dashboardModule.TC_021_VerifyDashboardNavigateToSellersScreen">
        <test-method status="PASS" signature="setUp()[pri:0, instance:com.test.dashboardModule.TC_021_VerifyDashboardNavigateToSellersScreen@5427c60c]" name="setUp" is-config="true" duration-ms="27601" started-at="2018-09-04T12:12:20Z" finished-at="2018-09-04T12:12:48Z">
          <reporter-output>
          </reporter-output>
        </test-method> <!-- setUp -->
        <test-method status="PASS" signature="beforeMethod(java.lang.reflect.Method)[pri:0, instance:com.test.dashboardModule.TC_021_VerifyDashboardNavigateToSellersScreen@5427c60c]" name="beforeMethod" is-config="true" duration-ms="9" started-at="2018-09-04T12:12:48Z" finished-at="2018-09-04T12:12:48Z">
          <params>
            <param index="0">
              <value>
                <![CDATA[public void com.test.dashboardModule.TC_021_VerifyDashboardNavigateToSellersScreen.testDashboardNavigateToSellersScreen() throws java.lang.InterruptedException]]>
              </value>
            </param>
          </params>
          <reporter-output>
          </reporter-output>
        </test-method> <!-- beforeMethod -->
        <test-method status="FAIL" signature="testDashboardNavigateToSellersScreen()[pri:0, instance:com.test.dashboardModule.TC_021_VerifyDashboardNavigateToSellersScreen@5427c60c]" name="testDashboardNavigateToSellersScreen" duration-ms="40182" started-at="2018-09-04T12:12:48Z" finished-at="2018-09-04T12:13:28Z">
          <exception class="java.lang.AssertionError">
            <message>
              <![CDATA[expected [true] but found [DASHBOARD]]]>
            </message>
            <full-stacktrace>
              <![CDATA[java.lang.AssertionError: expected [true] but found [DASHBOARD]
at org.testng.Assert.fail(Assert.java:96)
at org.testng.Assert.failNotEquals(Assert.java:776)
at org.testng.Assert.assertEqualsImpl(Assert.java:137)
at org.testng.Assert.assertEquals(Assert.java:118)
at org.testng.Assert.assertEquals(Assert.java:442)
at com.test.dashboardModule.TC_021_VerifyDashboardNavigateToSellersScreen.testDashboardNavigateToSellersScreen(TC_021_VerifyDashboardNavigateToSellersScreen.java:32)
at sun.reflect.NativeMethodAccessorImpl.invoke0(Native Method)
at sun.reflect.NativeMethodAccessorImpl.invoke(NativeMethodAccessorImpl.java:62)
at sun.reflect.DelegatingMethodAccessorImpl.invoke(DelegatingMethodAccessorImpl.java:43)
at java.lang.reflect.Method.invoke(Method.java:498)
at org.testng.internal.MethodInvocationHelper.invokeMethod(MethodInvocationHelper.java:124)
at org.testng.internal.Invoker.invokeMethod(Invoker.java:583)
at org.testng.internal.Invoker.invokeTestMethod(Invoker.java:719)
at org.testng.internal.Invoker.invokeTestMethods(Invoker.java:989)
at org.testng.internal.TestMethodWorker.invokeTestMethods(TestMethodWorker.java:125)
at org.testng.internal.TestMethodWorker.run(TestMethodWorker.java:109)
at org.testng.TestRunner.privateRun(TestRunner.java:648)
at org.testng.TestRunner.run(TestRunner.java:505)
at org.testng.SuiteRunner.runTest(SuiteRunner.java:455)
at org.testng.SuiteRunner.runSequentially(SuiteRunner.java:450)
at org.testng.SuiteRunner.privateRun(SuiteRunner.java:415)
at org.testng.SuiteRunner.run(SuiteRunner.java:364)
at org.testng.SuiteRunnerWorker.runSuite(SuiteRunnerWorker.java:52)
at org.testng.SuiteRunnerWorker.run(SuiteRunnerWorker.java:84)
at org.testng.TestNG.runSuitesSequentially(TestNG.java:1208)
at org.testng.TestNG.runSuitesLocally(TestNG.java:1137)
at org.testng.TestNG.runSuites(TestNG.java:1049)
at org.testng.TestNG.run(TestNG.java:1017)
at org.testng.remote.AbstractRemoteTestNG.run(AbstractRemoteTestNG.java:114)
at org.testng.remote.RemoteTestNG.initAndRun(RemoteTestNG.java:251)
at org.testng.remote.RemoteTestNG.main(RemoteTestNG.java:77)
]]>
            </full-stacktrace>
          </exception> <!-- java.lang.AssertionError -->
          <reporter-output>
            <line>
              <![CDATA[login button is enabled and displayed.]]>
            </line>
            <line>
              <![CDATA[clicked on Login button]]>
            </line>
            <line>
              <![CDATA[entered email is:- deepak.g@applify.co]]>
            </line>
            <line>
              <![CDATA[entered password is:- deepak123]]>
            </line>
            <line>
              <![CDATA[clicked on login button]]>
            </line>
            <line>
              <![CDATA[clicked on sellers tracker button.]]>
            </line>
            <line>
              <![CDATA[Header Name is : DASHBOARD]]>
            </line>
          </reporter-output>
        </test-method> <!-- testDashboardNavigateToSellersScreen -->
        <test-method status="PASS" signature="afterMethod(org.testng.ITestResult)[pri:0, instance:com.test.dashboardModule.TC_021_VerifyDashboardNavigateToSellersScreen@5427c60c]" name="afterMethod" is-config="true" duration-ms="5051" started-at="2018-09-04T12:13:28Z" finished-at="2018-09-04T12:13:33Z">
          <params>
            <param index="0">
              <value>
                <![CDATA[[TestResult name=testDashboardNavigateToSellersScreen status=FAILURE method=TC_021_VerifyDashboardNavigateToSellersScreen.testDashboardNavigateToSellersScreen()[pri:0, instance:com.test.dashboardModule.TC_021_VerifyDashboardNavigateToSellersScreen@5427c60c] output=login button is enabled and displayed.]]]>
              </value>
            </param>
          </params>
          <reporter-output>
            <line>
              <![CDATA[<a href='C:\Deepak_Gupta\Workspace\Barrel13_Mobile\src\main\java\com\pom\screenshot\Issue_Screenshot_04-Sep-2018__05_43_28_PM.png'> <img src='C:\Deepak_Gupta\Workspace\Barrel13_Mobile\src\main\java\com\pom\screenshot\Issue_Screenshot_04-Sep-2018__05_43_28_PM.png' height='100' width='100'/> </a>]]>
            </line>
          </reporter-output>
        </test-method> <!-- afterMethod -->
        <test-method status="PASS" signature="endTest()[pri:0, instance:com.test.dashboardModule.TC_021_VerifyDashboardNavigateToSellersScreen@5427c60c]" name="endTest" is-config="true" duration-ms="3370" started-at="2018-09-04T12:13:33Z" finished-at="2018-09-04T12:13:36Z">
          <reporter-output>
          </reporter-output>
        </test-method> <!-- endTest -->
      </class> <!-- com.test.dashboardModule.TC_021_VerifyDashboardNavigateToSellersScreen -->
    </test> <!-- Default test -->
  </suite> <!-- Default suite -->
</testng-results>
